  CW2_stage1.cpp
C:\Users\28449\Desktop\Undergraduate\XJTLU\xjtlu_M3_S1\CPT205\Code\CW2_stage1.cpp(472,21): warning C4244: “初始化”: 从“double”转换到“float”，可能丢失数据
C:\Users\28449\Desktop\Undergraduate\XJTLU\xjtlu_M3_S1\CPT205\Code\CW2_stage1.cpp(475,23): warning C4244: “初始化”: 从“double”转换到“float”，可能丢失数据
C:\Users\28449\Desktop\Undergraduate\XJTLU\xjtlu_M3_S1\CPT205\Code\CW2_stage1.cpp(476,23): warning C4244: “初始化”: 从“double”转换到“float”，可能丢失数据
C:\Users\28449\Desktop\Undergraduate\XJTLU\xjtlu_M3_S1\CPT205\Code\CW2_stage1.cpp(502,25): warning C4244: “=”: 从“double”转换到“float”，可能丢失数据
C:\Users\28449\Desktop\Undergraduate\XJTLU\xjtlu_M3_S1\CPT205\Code\CW2_stage1.cpp(503,25): warning C4244: “=”: 从“double”转换到“float”，可能丢失数据
C:\Users\28449\Desktop\Undergraduate\XJTLU\xjtlu_M3_S1\CPT205\Code\CW2_stage1.cpp(666,51): warning C4244: “参数”: 从“float”转换到“int”，可能丢失数据
C:\Users\28449\Desktop\Undergraduate\XJTLU\xjtlu_M3_S1\CPT205\Code\CW2_stage1.cpp(666,39): warning C4244: “参数”: 从“double”转换到“float”，可能丢失数据
C:\Users\28449\Desktop\Undergraduate\XJTLU\xjtlu_M3_S1\CPT205\Code\CW2_stage1.cpp(666,25): warning C4244: “参数”: 从“double”转换到“float”，可能丢失数据
C:\Users\28449\Desktop\Undergraduate\XJTLU\xjtlu_M3_S1\CPT205\Code\CW2_stage1.cpp(667,50): warning C4244: “参数”: 从“float”转换到“int”，可能丢失数据
C:\Users\28449\Desktop\Undergraduate\XJTLU\xjtlu_M3_S1\CPT205\Code\CW2_stage1.cpp(667,39): warning C4244: “参数”: 从“double”转换到“float”，可能丢失数据
C:\Users\28449\Desktop\Undergraduate\XJTLU\xjtlu_M3_S1\CPT205\Code\CW2_stage1.cpp(667,25): warning C4244: “参数”: 从“double”转换到“float”，可能丢失数据
C:\Users\28449\Desktop\Undergraduate\XJTLU\xjtlu_M3_S1\CPT205\Code\CW2_stage1.cpp(668,52): warning C4244: “参数”: 从“float”转换到“int”，可能丢失数据
C:\Users\28449\Desktop\Undergraduate\XJTLU\xjtlu_M3_S1\CPT205\Code\CW2_stage1.cpp(668,40): warning C4244: “参数”: 从“double”转换到“float”，可能丢失数据
C:\Users\28449\Desktop\Undergraduate\XJTLU\xjtlu_M3_S1\CPT205\Code\CW2_stage1.cpp(668,25): warning C4244: “参数”: 从“double”转换到“float”，可能丢失数据
C:\Users\28449\Desktop\Undergraduate\XJTLU\xjtlu_M3_S1\CPT205\Code\CW2_stage1.cpp(669,52): warning C4244: “参数”: 从“float”转换到“int”，可能丢失数据
C:\Users\28449\Desktop\Undergraduate\XJTLU\xjtlu_M3_S1\CPT205\Code\CW2_stage1.cpp(669,40): warning C4244: “参数”: 从“double”转换到“float”，可能丢失数据
C:\Users\28449\Desktop\Undergraduate\XJTLU\xjtlu_M3_S1\CPT205\Code\CW2_stage1.cpp(669,25): warning C4244: “参数”: 从“double”转换到“float”，可能丢失数据
C:\Users\28449\Desktop\Undergraduate\XJTLU\xjtlu_M3_S1\CPT205\Code\CW2_stage1.cpp(836,26): warning C4244: “=”: 从“double”转换到“GLfloat”，可能丢失数据
C:\Users\28449\Desktop\Undergraduate\XJTLU\xjtlu_M3_S1\CPT205\Code\CW2_stage1.cpp(837,26): warning C4244: “=”: 从“double”转换到“GLfloat”，可能丢失数据
C:\Users\28449\Desktop\Undergraduate\XJTLU\xjtlu_M3_S1\CPT205\Code\CW2_stage1.cpp(866,19): warning C4244: “初始化”: 从“double”转换到“float”，可能丢失数据
C:\Users\28449\Desktop\Undergraduate\XJTLU\xjtlu_M3_S1\CPT205\Code\CW2_stage1.cpp(867,19): warning C4244: “初始化”: 从“double”转换到“float”，可能丢失数据
C:\Users\28449\Desktop\Undergraduate\XJTLU\xjtlu_M3_S1\CPT205\Code\CW2_stage1.cpp(868,19): warning C4244: “初始化”: 从“double”转换到“float”，可能丢失数据
C:\Users\28449\Desktop\Undergraduate\XJTLU\xjtlu_M3_S1\CPT205\Code\CW2_stage1.cpp(885,14): warning C4244: “参数”: 从“float”转换到“int”，可能丢失数据
C:\Users\28449\Desktop\Undergraduate\XJTLU\xjtlu_M3_S1\CPT205\Code\CW2_stage1.cpp(890,21): warning C4244: “参数”: 从“float”转换到“int”，可能丢失数据
C:\Users\28449\Desktop\Undergraduate\XJTLU\xjtlu_M3_S1\CPT205\Code\CW2_stage1.cpp(906,35): warning C4305: “+=”: 从“double”到“float”截断
C:\Users\28449\Desktop\Undergraduate\XJTLU\xjtlu_M3_S1\CPT205\Code\CW2_stage1.cpp(909,35): warning C4305: “+=”: 从“double”到“float”截断
C:\Users\28449\Desktop\Undergraduate\XJTLU\xjtlu_M3_S1\CPT205\Code\CW2_stage1.cpp(912,28): warning C4305: “-=”: 从“double”到“float”截断
C:\Users\28449\Desktop\Undergraduate\XJTLU\xjtlu_M3_S1\CPT205\Code\CW2_stage1.cpp(930,59): warning C4244: “-=”: 从“double”转换到“float”，可能丢失数据
C:\Users\28449\Desktop\Undergraduate\XJTLU\xjtlu_M3_S1\CPT205\Code\CW2_stage1.cpp(931,59): warning C4244: “-=”: 从“double”转换到“float”，可能丢失数据
C:\Users\28449\Desktop\Undergraduate\XJTLU\xjtlu_M3_S1\CPT205\Code\CW2_stage1.cpp(932,59): warning C4244: “-=”: 从“double”转换到“float”，可能丢失数据
C:\Users\28449\Desktop\Undergraduate\XJTLU\xjtlu_M3_S1\CPT205\Code\CW2_stage1.cpp(933,59): warning C4244: “-=”: 从“double”转换到“float”，可能丢失数据
C:\Users\28449\Desktop\Undergraduate\XJTLU\xjtlu_M3_S1\CPT205\Code\CW2_stage1.cpp(934,48): warning C4244: “=”: 从“double”转换到“float”，可能丢失数据
C:\Users\28449\Desktop\Undergraduate\XJTLU\xjtlu_M3_S1\CPT205\Code\CW2_stage1.cpp(938,59): warning C4244: “+=”: 从“double”转换到“float”，可能丢失数据
C:\Users\28449\Desktop\Undergraduate\XJTLU\xjtlu_M3_S1\CPT205\Code\CW2_stage1.cpp(939,59): warning C4244: “+=”: 从“double”转换到“float”，可能丢失数据
C:\Users\28449\Desktop\Undergraduate\XJTLU\xjtlu_M3_S1\CPT205\Code\CW2_stage1.cpp(940,59): warning C4244: “-=”: 从“double”转换到“float”，可能丢失数据
C:\Users\28449\Desktop\Undergraduate\XJTLU\xjtlu_M3_S1\CPT205\Code\CW2_stage1.cpp(941,59): warning C4244: “-=”: 从“double”转换到“float”，可能丢失数据
C:\Users\28449\Desktop\Undergraduate\XJTLU\xjtlu_M3_S1\CPT205\Code\CW2_stage1.cpp(946,59): warning C4244: “+=”: 从“double”转换到“float”，可能丢失数据
C:\Users\28449\Desktop\Undergraduate\XJTLU\xjtlu_M3_S1\CPT205\Code\CW2_stage1.cpp(947,59): warning C4244: “+=”: 从“double”转换到“float”，可能丢失数据
C:\Users\28449\Desktop\Undergraduate\XJTLU\xjtlu_M3_S1\CPT205\Code\CW2_stage1.cpp(948,59): warning C4244: “+=”: 从“double”转换到“float”，可能丢失数据
C:\Users\28449\Desktop\Undergraduate\XJTLU\xjtlu_M3_S1\CPT205\Code\CW2_stage1.cpp(949,59): warning C4244: “+=”: 从“double”转换到“float”，可能丢失数据
C:\Users\28449\Desktop\Undergraduate\XJTLU\xjtlu_M3_S1\CPT205\Code\CW2_stage1.cpp(950,48): warning C4244: “=”: 从“double”转换到“float”，可能丢失数据
C:\Users\28449\Desktop\Undergraduate\XJTLU\xjtlu_M3_S1\CPT205\Code\CW2_stage1.cpp(954,59): warning C4244: “-=”: 从“double”转换到“float”，可能丢失数据
C:\Users\28449\Desktop\Undergraduate\XJTLU\xjtlu_M3_S1\CPT205\Code\CW2_stage1.cpp(955,59): warning C4244: “-=”: 从“double”转换到“float”，可能丢失数据
C:\Users\28449\Desktop\Undergraduate\XJTLU\xjtlu_M3_S1\CPT205\Code\CW2_stage1.cpp(956,59): warning C4244: “+=”: 从“double”转换到“float”，可能丢失数据
C:\Users\28449\Desktop\Undergraduate\XJTLU\xjtlu_M3_S1\CPT205\Code\CW2_stage1.cpp(957,59): warning C4244: “+=”: 从“double”转换到“float”，可能丢失数据
C:\Users\28449\Desktop\Undergraduate\XJTLU\xjtlu_M3_S1\CPT205\Code\CW2_stage1.cpp(1001,39): warning C4305: “+=”: 从“double”到“float”截断
C:\Users\28449\Desktop\Undergraduate\XJTLU\xjtlu_M3_S1\CPT205\Code\CW2_stage1.cpp(1004,39): warning C4305: “+=”: 从“double”到“float”截断
C:\Users\28449\Desktop\Undergraduate\XJTLU\xjtlu_M3_S1\CPT205\Code\CW2_stage1.cpp(1018,17): warning C4244: “=”: 从“int”转换到“float”，可能丢失数据
C:\Users\28449\Desktop\Undergraduate\XJTLU\xjtlu_M3_S1\CPT205\Code\CW2_stage1.cpp(1019,17): warning C4244: “=”: 从“int”转换到“float”，可能丢失数据
C:\Users\28449\Desktop\Undergraduate\XJTLU\xjtlu_M3_S1\CPT205\Code\CW2_stage1.cpp(1024,13): warning C4244: “=”: 从“int”转换到“float”，可能丢失数据
C:\Users\28449\Desktop\Undergraduate\XJTLU\xjtlu_M3_S1\CPT205\Code\CW2_stage1.cpp(1025,13): warning C4244: “=”: 从“int”转换到“float”，可能丢失数据
C:\Users\28449\Desktop\Undergraduate\XJTLU\xjtlu_M3_S1\CPT205\Code\CW2_stage1.cpp(1051,33): error C2059: 语法错误:“/”
